
12/8/2015, 2:47:31 PM

Operating System
  Name                        = Mac OS X
  Version                     = 10.10.5
  Architecture                = 64bit
  # CPUs                      = 4
  Memory                      = 15032385536

Node.js
  Node.js Version             = 0.12.2
  npm Version                 = 2.7.4

Titanium CLI
  CLI Version                 = 3.2.1

Titanium SDK
  SDK Version                 = 4.0.0.GA
  SDK Path                    = /Users/ios/Library/Application Support/Titanium/mobilesdk/osx/4.0.0.GA
  Target Platform             = iphone

Command
  /usr/local/bin/node /usr/local/bin/ti build --sdk 4.0.0.GA --config-file /Users/ios/.titanium/config.json --platform iphone --project-dir /Users/ios/Downloads/Google-Auth-for-Titanium-master/Example Alloy App --log-level trace --target simulator --no-banner

[INFO]   No device family specified, defaulting to universal
[DEBUG]  Detecting modules in /Users/ios/Library/Application Support/Titanium/modules
[DEBUG]  Detected android module: com.appcelerator.apm 1.1.5 @ /Users/ios/Library/Application Support/Titanium/modules/android/com.appcelerator.apm/1.1.5
[DEBUG]  Detected android module: facebook 4.0.3 @ /Users/ios/Library/Application Support/Titanium/modules/android/facebook/4.0.3
[DEBUG]  Detected android module: facebook 4.0.5 @ /Users/ios/Library/Application Support/Titanium/modules/android/facebook/4.0.5
[DEBUG]  Detected android module: org.selfkleptomaniac.ti.imageasresized 0.5 @ /Users/ios/Library/Application Support/Titanium/modules/android/org.selfkleptomaniac.ti.imageasresized/0.5
[DEBUG]  Detected android module: ti.cloudpush 3.3.8 @ /Users/ios/Library/Application Support/Titanium/modules/android/ti.cloudpush/3.3.8
[DEBUG]  Detected android module: ti.cloudpush 3.4.0 @ /Users/ios/Library/Application Support/Titanium/modules/android/ti.cloudpush/3.4.0
[DEBUG]  Detected android module: ti.imagefactory 2.2.1 @ /Users/ios/Library/Application Support/Titanium/modules/android/ti.imagefactory/2.2.1
[DEBUG]  Detected android module: ti.map 2.3.0 @ /Users/ios/Library/Application Support/Titanium/modules/android/ti.map/2.3.0
[DEBUG]  Detected android module: ti.map 2.3.3 @ /Users/ios/Library/Application Support/Titanium/modules/android/ti.map/2.3.3
[DEBUG]  Detected android module: ti.paint 2.0.2 @ /Users/ios/Library/Application Support/Titanium/modules/android/ti.paint/2.0.2
[DEBUG]  Detected commonjs module: ti.cloud 3.2.8 @ /Users/ios/Library/Application Support/Titanium/modules/commonjs/ti.cloud/3.2.8
[DEBUG]  Detected commonjs module: ti.cloud 3.2.9 @ /Users/ios/Library/Application Support/Titanium/modules/commonjs/ti.cloud/3.2.9
[DEBUG]  Detected iphone module: com.acktie.mobile.ios.qr 2.3 @ /Users/ios/Library/Application Support/Titanium/modules/iphone/com.acktie.mobile.ios.qr/2.3
[DEBUG]  Detected iphone module: com.appcelerator.apm 1.1.5 @ /Users/ios/Library/Application Support/Titanium/modules/iphone/com.appcelerator.apm/1.1.5
[DEBUG]  Detected iphone module: com.appcelerator.urlSession 1.1.1 @ /Users/ios/Library/Application Support/Titanium/modules/iphone/com.appcelerator.urlSession/1.1.1
[DEBUG]  Detected iphone module: com.appwapp.ti.identifierforvendor 1.0.0 @ /Users/ios/Library/Application Support/Titanium/modules/iphone/com.appwapp.ti.identifierforvendor/1.0.0
[DEBUG]  Detected iphone module: facebook 4.0.3 @ /Users/ios/Library/Application Support/Titanium/modules/iphone/facebook/4.0.3
[DEBUG]  Detected iphone module: facebook 4.0.5 @ /Users/ios/Library/Application Support/Titanium/modules/iphone/facebook/4.0.5
[DEBUG]  Detected iphone module: ti.coremotion 1.1.0 @ /Users/ios/Library/Application Support/Titanium/modules/iphone/ti.coremotion/1.1.0
[DEBUG]  Detected iphone module: ti.imagefactory 1.2.0 @ /Users/ios/Library/Application Support/Titanium/modules/iphone/ti.imagefactory/1.2.0
[DEBUG]  Detected iphone module: ti.map 2.2.2 @ /Users/ios/Library/Application Support/Titanium/modules/iphone/ti.map/2.2.2
[DEBUG]  Detected iphone module: ti.map 2.4.1 @ /Users/ios/Library/Application Support/Titanium/modules/iphone/ti.map/2.4.1
[DEBUG]  Detected iphone module: ti.paint 1.4.0 @ /Users/ios/Library/Application Support/Titanium/modules/iphone/ti.paint/1.4.0
[DEBUG]  Detected iphone module: ti.paint 1.4.1 @ /Users/ios/Library/Application Support/Titanium/modules/iphone/ti.paint/1.4.1
[DEBUG]  Detected iphone module: ti.touchid 1.1.0 @ /Users/ios/Library/Application Support/Titanium/modules/iphone/ti.touchid/1.1.0
[DEBUG]  Detected iphone module: ti.touchid 1.2.0 @ /Users/ios/Library/Application Support/Titanium/modules/iphone/ti.touchid/1.2.0
[DEBUG]  Detecting plugins in /Users/ios/Downloads/Google-Auth-for-Titanium-master/Example Alloy App/plugins
[DEBUG]  Detected plugin: ti.alloy @ /Users/ios/Downloads/Google-Auth-for-Titanium-master/Example Alloy App/plugins/ti.alloy
[DEBUG]  Detecting plugins in /Users/ios/Library/Application Support/Titanium/plugins
[DEBUG]  Detected plugin: com.appcelerator.test @ /Users/ios/Library/Application Support/Titanium/plugins/com.appcelerator.test
[DEBUG]  Looking for Titanium plugin id=ti.alloy version=1.0
[INFO]   Found Titanium plugin id=ti.alloy version=1.0 
[DEBUG]  Titanium SDK iOS directory: /Users/ios/Library/Application Support/Titanium/mobilesdk/osx/4.0.0.GA/iphone
[INFO]   Deploy type: development
[INFO]   Building for target: simulator
[INFO]   Building using iOS SDK: 8.4
[INFO]   Building for iOS Simulator: iPhone 4s
[DEBUG]  UDID: 7E99F6B9-8DEE-43ED-BF21-29F6EC2BDACF
[DEBUG]  Simulator type: iphone
[DEBUG]  Simulator version: 8.4
[INFO]   Building for device family: universal
[DEBUG]  Setting Xcode target to Debug
[DEBUG]  Setting Xcode build OS to iphonesimulator8.4
[DEBUG]  Xcode installation: /Applications/Xcode.app/Contents/Developer
[DEBUG]  iOS WWDR certificate: installed
[INFO]   Minimum iOS version: 7.0
[INFO]   Debugging disabled
[INFO]   Profiler disabled
[INFO]   Initiating prepare phase
[INFO]   Found Alloy app in /Users/ios/Downloads/Google-Auth-for-Titanium-master/Example Alloy App/app
[INFO]   Executing Alloy compile: /usr/local/bin/node /usr/local/bin/alloy compile /Users/ios/Downloads/Google-Auth-for-Titanium-master/Example Alloy App/app --config platform=ios,version=0,simtype=none,devicefamily=universal,deploytype=development
[DEBUG]         .__  .__                
[DEBUG]  _____  |  | |  |   ____ ___.__.
[DEBUG]  \__  \ |  | |  |  /  _ <   |  |
[DEBUG]   / __ \|  |_|  |_(  <_> )___  |
[DEBUG]  (____  /____/____/\____// ____|
[DEBUG]       \/                 \/
[DEBUG]  Alloy 1.3.1 by Appcelerator. The MVC app framework for Titanium.
[DEBUG]  
[DEBUG]  ----- CONFIGURATION -----
[DEBUG]  raw config = "platform=ios,version=0,simtype=none,devicefamily=universal,deploytype=development"
[DEBUG]  platform = ios
[DEBUG]  version = 0
[DEBUG]  simtype = none
[DEBUG]  devicefamily = universal
[DEBUG]  deploytype = development
[DEBUG]  project path = /Users/ios/Downloads/Google-Auth-for-Titanium-master/Example Alloy App
[DEBUG]  app path = /Users/ios/Downloads/Google-Auth-for-Titanium-master/Example Alloy App/app
[DEBUG]  
[DEBUG]  ----- CONFIG.JSON -----
[DEBUG]  {
[DEBUG]    "dependencies": {},
[DEBUG]    "sourcemap": true,
[DEBUG]    "autoStyle": false,
[DEBUG]    "adapters": [
[DEBUG]      "localStorage",
[DEBUG]      "properties",
[DEBUG]      "sql"
[DEBUG]    ]
[DEBUG]  }
[DEBUG]  
[DEBUG]  ----- CLEANING RESOURCES -----
[DEBUG]  Removing orphaned controllers...
[DEBUG]  Removing orphaned models...
[DEBUG]  Removing orphaned styles...
[DEBUG]  Removing orphaned sync adapters...
[DEBUG]  Removing orphaned assets and libs...
[DEBUG]  
[DEBUG]  ----- BASE RUNTIME FILES -----
[TRACE]  SRC_DIR=/usr/local/lib/node_modules/alloy/Alloy/lib
[TRACE]  Copying SRC_DIR/alloy/sync/sql.js --> Resources/iphone/alloy/sync/sql.js
[TRACE]  Copying SRC_DIR/alloy/sync/properties.js --> Resources/iphone/alloy/sync/properties.js
[TRACE]  Copying SRC_DIR/alloy/sync/localStorage.js --> Resources/iphone/alloy/sync/localStorage.js
[TRACE]  Copying SRC_DIR/alloy/controllers/BaseController.js --> Resources/iphone/alloy/controllers/BaseController.js
[TRACE]  Copying SRC_DIR/alloy/widget.js --> Resources/iphone/alloy/widget.js
[TRACE]  Copying SRC_DIR/alloy/underscore.js --> Resources/iphone/alloy/underscore.js
[TRACE]  Copying SRC_DIR/alloy/backbone.js --> Resources/iphone/alloy/backbone.js
[TRACE]  Copying SRC_DIR/alloy.js --> Resources/iphone/alloy.js
[TRACE]  
[TRACE]  SRC_DIR=/usr/local/lib/node_modules/alloy/Alloy/common
[TRACE]  Copying SRC_DIR/constants.js --> Resources/iphone/alloy/constants.js
[TRACE]  
[TRACE]  SRC_DIR=/Users/ios/Downloads/Google-Auth-for-Titanium-master/Example Alloy App/app/assets
[TRACE]  
[TRACE]  SRC_DIR=/Users/ios/Downloads/Google-Auth-for-Titanium-master/Example Alloy App/app/lib
[TRACE]  Copying SRC_DIR/googleAuth.js --> Resources/iphone/googleAuth.js
[TRACE]  
[DEBUG]  
[INFO]   ----- MVC GENERATION -----
[INFO]   [global style] loading from cache...
[INFO]   [index.xml] view processing...
[INFO]     style:      "index.tss"
[INFO]     view:       "index.xml"
[INFO]     controller: "index.js"
[TRACE]  - Processing "builtins" module...
[TRACE]  - Processing "optimizer" module...
[TRACE]  - Processing "compress" module...
[INFO]     created:    "Resources/iphone/alloy/controllers/index.js"
[DEBUG]    map:        "build/map/Resources/iphone/alloy/controllers/index.js.map"
[INFO]     created:     "Resources/iphone/alloy/styles/index.js"
[INFO]   
[INFO]   [app.js] using cached app.js...
[INFO]   
[INFO]   ----- OPTIMIZING -----
[INFO]   - iphone/alloy.js
[TRACE]    processing "builtins" module...
[TRACE]    processing "optimizer" module...
[TRACE]    processing "compress" module...
[INFO]   - iphone/googleAuth.js
[TRACE]    processing "builtins" module...
[TRACE]    processing "optimizer" module...
[TRACE]    processing "compress" module...
[INFO]   - iphone/alloy/sync/localStorage.js
[TRACE]    processing "builtins" module...
[TRACE]    processing "optimizer" module...
[TRACE]    processing "compress" module...
[INFO]   - iphone/alloy/sync/properties.js
[TRACE]    processing "builtins" module...
[TRACE]    processing "optimizer" module...
[TRACE]    processing "compress" module...
[INFO]   - iphone/alloy/sync/sql.js
[TRACE]    processing "builtins" module...
[TRACE]    processing "optimizer" module...
[TRACE]    processing "compress" module...
[TRACE]   
[TRACE]  Benchmarking
[TRACE]  ------------
[TRACE]  [0.85177s] TOTAL
[INFO]   
[INFO]   Alloy compiled in 0.85177s
[INFO]   Alloy compiler completed successfully
[DEBUG]  Setting Info.plist CFBundleVersion to 1.0
[DEBUG]  Setting Info.plist CFBundleShortVersionString to 1.0
[DEBUG]  Copying /Users/ios/Downloads/Google-Auth-for-Titanium-master/Example Alloy App/Resources/iphone/appicon.png => /Users/ios/Downloads/Google-Auth-for-Titanium-master/Example Alloy App/build/iphone/build/Debug-iphonesimulator/GoogleAuthAlloy.app/appicon.png
[INFO]   Initiating Xcode pre-compile phase
[DEBUG]  Ignoring /Users/ios/Downloads/Google-Auth-for-Titanium-master/Example Alloy App/Resources/android
[DEBUG]  Ignoring /Users/ios/Downloads/Google-Auth-for-Titanium-master/Example Alloy App/Resources/iphone
[DEBUG]  Copying /Users/ios/Downloads/Google-Auth-for-Titanium-master/Example Alloy App/Resources/iphone/Default-568h@2x.png => /Users/ios/Downloads/Google-Auth-for-Titanium-master/Example Alloy App/build/iphone/build/Debug-iphonesimulator/GoogleAuthAlloy.app/Default-568h@2x.png
[DEBUG]  Copying /Users/ios/Downloads/Google-Auth-for-Titanium-master/Example Alloy App/Resources/iphone/Default-Landscape.png => /Users/ios/Downloads/Google-Auth-for-Titanium-master/Example Alloy App/build/iphone/build/Debug-iphonesimulator/GoogleAuthAlloy.app/Default-Landscape.png
[DEBUG]  Copying /Users/ios/Downloads/Google-Auth-for-Titanium-master/Example Alloy App/Resources/iphone/Default-Landscape@2x.png => /Users/ios/Downloads/Google-Auth-for-Titanium-master/Example Alloy App/build/iphone/build/Debug-iphonesimulator/GoogleAuthAlloy.app/Default-Landscape@2x.png
[DEBUG]  Copying /Users/ios/Downloads/Google-Auth-for-Titanium-master/Example Alloy App/Resources/iphone/Default-Portrait.png => /Users/ios/Downloads/Google-Auth-for-Titanium-master/Example Alloy App/build/iphone/build/Debug-iphonesimulator/GoogleAuthAlloy.app/Default-Portrait.png
[DEBUG]  Copying /Users/ios/Downloads/Google-Auth-for-Titanium-master/Example Alloy App/Resources/iphone/Default-Portrait@2x.png => /Users/ios/Downloads/Google-Auth-for-Titanium-master/Example Alloy App/build/iphone/build/Debug-iphonesimulator/GoogleAuthAlloy.app/Default-Portrait@2x.png
[DEBUG]  Copying /Users/ios/Downloads/Google-Auth-for-Titanium-master/Example Alloy App/Resources/iphone/Default.png => /Users/ios/Downloads/Google-Auth-for-Titanium-master/Example Alloy App/build/iphone/build/Debug-iphonesimulator/GoogleAuthAlloy.app/Default.png
[DEBUG]  Copying /Users/ios/Downloads/Google-Auth-for-Titanium-master/Example Alloy App/Resources/iphone/Default@2x.png => /Users/ios/Downloads/Google-Auth-for-Titanium-master/Example Alloy App/build/iphone/build/Debug-iphonesimulator/GoogleAuthAlloy.app/Default@2x.png
[DEBUG]  Copying /Users/ios/Downloads/Google-Auth-for-Titanium-master/Example Alloy App/Resources/iphone/appicon-72.png => /Users/ios/Downloads/Google-Auth-for-Titanium-master/Example Alloy App/build/iphone/build/Debug-iphonesimulator/GoogleAuthAlloy.app/appicon-72.png
[DEBUG]  Copying /Users/ios/Downloads/Google-Auth-for-Titanium-master/Example Alloy App/Resources/iphone/appicon-72@2x.png => /Users/ios/Downloads/Google-Auth-for-Titanium-master/Example Alloy App/build/iphone/build/Debug-iphonesimulator/GoogleAuthAlloy.app/appicon-72@2x.png
[DEBUG]  Copying /Users/ios/Downloads/Google-Auth-for-Titanium-master/Example Alloy App/Resources/iphone/appicon-Small-50.png => /Users/ios/Downloads/Google-Auth-for-Titanium-master/Example Alloy App/build/iphone/build/Debug-iphonesimulator/GoogleAuthAlloy.app/appicon-Small-50.png
[DEBUG]  Copying /Users/ios/Downloads/Google-Auth-for-Titanium-master/Example Alloy App/Resources/iphone/appicon-Small.png => /Users/ios/Downloads/Google-Auth-for-Titanium-master/Example Alloy App/build/iphone/build/Debug-iphonesimulator/GoogleAuthAlloy.app/appicon-Small.png
[DEBUG]  Copying /Users/ios/Downloads/Google-Auth-for-Titanium-master/Example Alloy App/Resources/iphone/appicon-Small@2x.png => /Users/ios/Downloads/Google-Auth-for-Titanium-master/Example Alloy App/build/iphone/build/Debug-iphonesimulator/GoogleAuthAlloy.app/appicon-Small@2x.png
[DEBUG]  Copying /Users/ios/Downloads/Google-Auth-for-Titanium-master/Example Alloy App/Resources/iphone/appicon.png => /Users/ios/Downloads/Google-Auth-for-Titanium-master/Example Alloy App/build/iphone/build/Debug-iphonesimulator/GoogleAuthAlloy.app/appicon.png
[DEBUG]  Copying /Users/ios/Downloads/Google-Auth-for-Titanium-master/Example Alloy App/Resources/iphone/appicon@2x.png => /Users/ios/Downloads/Google-Auth-for-Titanium-master/Example Alloy App/build/iphone/build/Debug-iphonesimulator/GoogleAuthAlloy.app/appicon@2x.png
[DEBUG]  Copying /Users/ios/Downloads/Google-Auth-for-Titanium-master/Example Alloy App/Resources/iphone/iTunesArtwork => /Users/ios/Downloads/Google-Auth-for-Titanium-master/Example Alloy App/build/iphone/build/Debug-iphonesimulator/GoogleAuthAlloy.app/iTunesArtwork
[DEBUG]  Symlinking /Users/ios/Downloads/Google-Auth-for-Titanium-master/Example Alloy App/Resources/iphone/images/259-list.png => /Users/ios/Downloads/Google-Auth-for-Titanium-master/Example Alloy App/build/iphone/build/Debug-iphonesimulator/GoogleAuthAlloy.app/images/259-list.png
[DEBUG]  Symlinking /Users/ios/Downloads/Google-Auth-for-Titanium-master/Example Alloy App/Resources/iphone/images/259-list@2x.png => /Users/ios/Downloads/Google-Auth-for-Titanium-master/Example Alloy App/build/iphone/build/Debug-iphonesimulator/GoogleAuthAlloy.app/images/259-list@2x.png
[INFO]   Processing JavaScript files
[DEBUG]  Symlinking /Users/ios/Downloads/Google-Auth-for-Titanium-master/Example Alloy App/Resources/iphone/alloy/CFG.js => /Users/ios/Downloads/Google-Auth-for-Titanium-master/Example Alloy App/build/iphone/build/Debug-iphonesimulator/GoogleAuthAlloy.app/alloy/CFG.js
[DEBUG]  Symlinking /Users/ios/Downloads/Google-Auth-for-Titanium-master/Example Alloy App/Resources/iphone/app.js => /Users/ios/Downloads/Google-Auth-for-Titanium-master/Example Alloy App/build/iphone/build/Debug-iphonesimulator/GoogleAuthAlloy.app/app.js
[DEBUG]  Symlinking /Users/ios/Downloads/Google-Auth-for-Titanium-master/Example Alloy App/Resources/iphone/alloy/backbone.js => /Users/ios/Downloads/Google-Auth-for-Titanium-master/Example Alloy App/build/iphone/build/Debug-iphonesimulator/GoogleAuthAlloy.app/alloy/backbone.js
[DEBUG]  Symlinking /Users/ios/Downloads/Google-Auth-for-Titanium-master/Example Alloy App/Resources/iphone/alloy/constants.js => /Users/ios/Downloads/Google-Auth-for-Titanium-master/Example Alloy App/build/iphone/build/Debug-iphonesimulator/GoogleAuthAlloy.app/alloy/constants.js
[DEBUG]  Symlinking /Users/ios/Downloads/Google-Auth-for-Titanium-master/Example Alloy App/Resources/iphone/alloy/controllers/BaseController.js => /Users/ios/Downloads/Google-Auth-for-Titanium-master/Example Alloy App/build/iphone/build/Debug-iphonesimulator/GoogleAuthAlloy.app/alloy/controllers/BaseController.js
[DEBUG]  Symlinking /Users/ios/Downloads/Google-Auth-for-Titanium-master/Example Alloy App/Resources/iphone/alloy/controllers/index.js => /Users/ios/Downloads/Google-Auth-for-Titanium-master/Example Alloy App/build/iphone/build/Debug-iphonesimulator/GoogleAuthAlloy.app/alloy/controllers/index.js
[DEBUG]  Symlinking /Users/ios/Downloads/Google-Auth-for-Titanium-master/Example Alloy App/Resources/iphone/alloy/styles/index.js => /Users/ios/Downloads/Google-Auth-for-Titanium-master/Example Alloy App/build/iphone/build/Debug-iphonesimulator/GoogleAuthAlloy.app/alloy/styles/index.js
[DEBUG]  Symlinking /Users/ios/Downloads/Google-Auth-for-Titanium-master/Example Alloy App/Resources/iphone/alloy/sync/localStorage.js => /Users/ios/Downloads/Google-Auth-for-Titanium-master/Example Alloy App/build/iphone/build/Debug-iphonesimulator/GoogleAuthAlloy.app/alloy/sync/localStorage.js
[DEBUG]  Symlinking /Users/ios/Downloads/Google-Auth-for-Titanium-master/Example Alloy App/Resources/iphone/alloy/sync/properties.js => /Users/ios/Downloads/Google-Auth-for-Titanium-master/Example Alloy App/build/iphone/build/Debug-iphonesimulator/GoogleAuthAlloy.app/alloy/sync/properties.js
[DEBUG]  Symlinking /Users/ios/Downloads/Google-Auth-for-Titanium-master/Example Alloy App/Resources/iphone/alloy/sync/sql.js => /Users/ios/Downloads/Google-Auth-for-Titanium-master/Example Alloy App/build/iphone/build/Debug-iphonesimulator/GoogleAuthAlloy.app/alloy/sync/sql.js
[DEBUG]  Symlinking /Users/ios/Downloads/Google-Auth-for-Titanium-master/Example Alloy App/Resources/iphone/alloy/underscore.js => /Users/ios/Downloads/Google-Auth-for-Titanium-master/Example Alloy App/build/iphone/build/Debug-iphonesimulator/GoogleAuthAlloy.app/alloy/underscore.js
[DEBUG]  Symlinking /Users/ios/Downloads/Google-Auth-for-Titanium-master/Example Alloy App/Resources/iphone/alloy/widget.js => /Users/ios/Downloads/Google-Auth-for-Titanium-master/Example Alloy App/build/iphone/build/Debug-iphonesimulator/GoogleAuthAlloy.app/alloy/widget.js
[DEBUG]  Symlinking /Users/ios/Downloads/Google-Auth-for-Titanium-master/Example Alloy App/Resources/iphone/alloy.js => /Users/ios/Downloads/Google-Auth-for-Titanium-master/Example Alloy App/build/iphone/build/Debug-iphonesimulator/GoogleAuthAlloy.app/alloy.js
[DEBUG]  Symlinking /Users/ios/Downloads/Google-Auth-for-Titanium-master/Example Alloy App/Resources/iphone/googleAuth.js => /Users/ios/Downloads/Google-Auth-for-Titanium-master/Example Alloy App/build/iphone/build/Debug-iphonesimulator/GoogleAuthAlloy.app/googleAuth.js
[INFO]   Processing Titanium namespace resources
[DEBUG]  Copying /Users/ios/Library/Application Support/Titanium/mobilesdk/osx/4.0.0.GA/iphone/modules/ui/images => /Users/ios/Downloads/Google-Auth-for-Titanium-master/Example Alloy App/build/iphone/build/Debug-iphonesimulator/GoogleAuthAlloy.app/modules/ui/images
[INFO]   Skipping xcodebuild
[INFO]   Finished building the application in 1s 735ms
[INFO]   Launching iOS Simulator
[DEBUG]  [ioslib] Removing old log file: /Users/ios/Library/Developer/CoreSimulator/Devices/7E99F6B9-8DEE-43ED-BF21-29F6EC2BDACF/data/Containers/Data/Application/73D03854-4ABD-43A9-97E8-1FDCBFD856A2/Documents/7d334355-45f2-4134-ae88-0471e0612fee.log
[DEBUG]  [ioslib] Executing: /Users/ios/Library/Application Support/Titanium/mobilesdk/osx/4.0.0.GA/node_modules/ioslib/lib/ios-sim "launch" "/Users/ios/Downloads/Google-Auth-for-Titanium-master/Example Alloy App/build/iphone/build/Debug-iphonesimulator/GoogleAuthAlloy.app" "--verbose" "--xcode-dir" "/Applications/Xcode.app/Contents/Developer" "--udid" "7E99F6B9-8DEE-43ED-BF21-29F6EC2BDACF" "--timeout" "180"
[DEBUG]  [ioslib] Executing: osascript "/Users/ios/Library/Application Support/Titanium/mobilesdk/osx/4.0.0.GA/node_modules/ioslib/lib/iphone_sim_activate.scpt" "/Applications/Xcode.app/Contents/Developer/Applications/iOS Simulator.app"
[DEBUG]  [ioslib] [ios-sim] [DEBUG] App Spec: <DTiPhoneSimulatorApplicationSpecifier 0x7fe973426c20> specified by app path /Users/ios/Downloads/Google-Auth-for-Titanium-master/Example Alloy App/build/iphone/build/Debug-iphonesimulator/GoogleAuthAlloy.app
[DEBUG]  [ioslib] [ios-sim] [DEBUG] SDK Root: <DTiPhoneSimulatorSystemRoot 0x7fe9736292a0> path=/Applications/Xcode.app/Contents/Developer/Platforms/iPhoneSimulator.platform/Developer/SDKs/iPhoneSimulator.sdk
[DEBUG]  [ioslib] [ios-sim] [DEBUG] Creating named pipe at `/var/folders/t4/8ncxh2ln7sq6n7jvd652rmcw0000gv/T//ios-sim-stderr-pipe-1449607653'
[DEBUG]  [ioslib] [ios-sim] [DEBUG] Creating named pipe at `/var/folders/t4/8ncxh2ln7sq6n7jvd652rmcw0000gv/T//ios-sim-stdout-pipe-1449607653'
[DEBUG]  [ioslib] [ios-sim] [DEBUG] using device family iphone
[DEBUG]  [ioslib] [ios-sim] [DEBUG] Comparing 7E99F6B9-8DEE-43ED-BF21-29F6EC2BDACF == 7E99F6B9-8DEE-43ED-BF21-29F6EC2BDACF
[DEBUG]  [ioslib] [ios-sim] [DEBUG] set device to : iPhone 4s
[DEBUG]  [ioslib] [ios-sim] [DEBUG] Session started
[DEBUG]  [ioslib] Found application log file: /Users/ios/Library/Developer/CoreSimulator/Devices/7E99F6B9-8DEE-43ED-BF21-29F6EC2BDACF/data/Containers/Data/Application/AE146DBB-6583-4832-A911-1EC9FB18BA03/Documents/7d334355-45f2-4134-ae88-0471e0612fee.log
[INFO]   Project built successfully in 8s 115ms
